============================================================
EXPERIMENT START
Start time: 2025-12-30T13:00:40.849767
============================================================
[1767092440.851] TRIAL_START
[1767092443.033] MOVEMENT
[1767092443.065] MOVEMENT
[1767092443.097] MOVEMENT
[1767092443.129] MOVEMENT
[1767092443.161] MOVEMENT
[1767092443.193] MOVEMENT
[1767092443.225] MOVEMENT
[1767092443.257] MOVEMENT
[1767092443.288] MOVEMENT
[1767092443.337] MOVEMENT
[1767092443.368] MOVEMENT
[1767092443.401] MOVEMENT
[1767092443.433] MOVEMENT
[1767092443.464] MOVEMENT
[1767092443.497] MOVEMENT
[1767092443.529] MOVEMENT
[1767092443.561] MOVEMENT
[1767092443.592] MOVEMENT
[1767092443.625] MOVEMENT
[1767092443.656] MOVEMENT
[1767092443.705] MOVEMENT
[1767092443.737] MOVEMENT
[1767092443.769] MOVEMENT
[1767092443.799] MOVEMENT
[1767092443.832] MOVEMENT
[1767092443.866] MOVEMENT
[1767092443.897] MOVEMENT
[1767092443.929] MOVEMENT
[1767092443.962] MOVEMENT
[1767092443.993] MOVEMENT
[1767092444.025] MOVEMENT
[1767092444.057] MOVEMENT
[1767092444.105] MOVEMENT
[1767092444.137] MOVEMENT
[1767092444.170] MOVEMENT
[1767092444.202] MOVEMENT
[1767092444.233] MOVEMENT
[1767092444.266] MOVEMENT
[1767092444.297] MOVEMENT
[1767092444.329] MOVEMENT
[1767092444.362] MOVEMENT
[1767092444.393] MOVEMENT
[1767092444.425] MOVEMENT
[1767092444.473] MOVEMENT
[1767092444.505] MOVEMENT
[1767092444.538] MOVEMENT
[1767092444.570] MOVEMENT
[1767092444.601] MOVEMENT
[1767092444.633] MOVEMENT
[1767092444.665] MOVEMENT
[1767092444.697] MOVEMENT
[1767092444.730] MOVEMENT
[1767092444.762] MOVEMENT
[1767092444.792] MOVEMENT
[1767092444.841] MOVEMENT
[1767092444.871] MOVEMENT
[1767092444.903] MOVEMENT
[1767092444.935] MOVEMENT
[1767092444.968] MOVEMENT
[1767092445.000] MOVEMENT
[1767092445.033] MOVEMENT
[1767092445.065] MOVEMENT
[1767092445.098] MOVEMENT
[1767092445.129] MOVEMENT
[1767092445.161] MOVEMENT
[1767092445.209] MOVEMENT
[1767092445.241] MOVEMENT
[1767092445.273] MOVEMENT
[1767092445.305] MOVEMENT
[1767092445.337] MOVEMENT
[1767092445.369] MOVEMENT
[1767092445.401] MOVEMENT
[1767092445.434] MOVEMENT
[1767092445.466] MOVEMENT
[1767092445.498] MOVEMENT
[1767092445.529] MOVEMENT
[1767092445.578] MOVEMENT
[1767092445.609] MOVEMENT
[1767092445.641] MOVEMENT
[1767092445.673] MOVEMENT
[1767092445.704] MOVEMENT
[1767092445.738] MOVEMENT
[1767092445.770] MOVEMENT
[1767092445.802] MOVEMENT
[1767092445.834] MOVEMENT
[1767092445.858] STIMULATION type=visual+audio
[1767092445.868] MOVEMENT
[1767092445.896] MOVEMENT
[1767092445.944] MOVEMENT
[1767092445.975] MOVEMENT
[1767092446.008] MOVEMENT
[1767092446.040] MOVEMENT
[1767092446.071] MOVEMENT
[1767092446.105] MOVEMENT
[1767092446.137] MOVEMENT
[1767092446.170] MOVEMENT
[1767092446.199] MOVEMENT
[1767092446.232] MOVEMENT
[1767092446.264] MOVEMENT
[1767092446.298] MOVEMENT
[1767092446.345] MOVEMENT
[1767092446.376] MOVEMENT
[1767092446.407] MOVEMENT
[1767092446.440] MOVEMENT
[1767092446.472] MOVEMENT
[1767092446.506] MOVEMENT
[1767092446.538] MOVEMENT
[1767092446.570] MOVEMENT
[1767092446.602] MOVEMENT
[1767092446.632] MOVEMENT
[1767092446.666] MOVEMENT
[1767092446.715] MOVEMENT
[1767092446.744] MOVEMENT
[1767092446.776] MOVEMENT
[1767092446.809] MOVEMENT
[1767092446.842] MOVEMENT
[1767092446.874] REACTION movement_within_response_window
[1767092446.904] REACTION movement_within_response_window
[1767092446.937] REACTION movement_within_response_window
[1767092446.968] REACTION movement_within_response_window
[1767092447.000] REACTION movement_within_response_window
[1767092447.034] REACTION movement_within_response_window
[1767092447.081] REACTION movement_within_response_window
[1767092447.114] REACTION movement_within_response_window
[1767092447.145] REACTION movement_within_response_window
[1767092447.177] REACTION movement_within_response_window
[1767092447.209] REACTION movement_within_response_window
[1767092447.243] REACTION movement_within_response_window
[1767092447.274] REACTION movement_within_response_window
[1767092447.305] REACTION movement_within_response_window
[1767092447.338] REACTION movement_within_response_window
[1767092447.370] REACTION movement_within_response_window
[1767092447.401] REACTION movement_within_response_window
[1767092447.450] REACTION movement_within_response_window
[1767092447.481] REACTION movement_within_response_window
[1767092447.515] REACTION movement_within_response_window
[1767092447.545] REACTION movement_within_response_window
[1767092447.577] REACTION movement_within_response_window
[1767092447.608] REACTION movement_within_response_window
[1767092447.640] REACTION movement_within_response_window
[1767092447.675] REACTION movement_within_response_window
[1767092447.707] REACTION movement_within_response_window
[1767092447.737] REACTION movement_within_response_window
[1767092447.769] REACTION movement_within_response_window
[1767092447.817] REACTION movement_within_response_window
[1767092447.849] REACTION movement_within_response_window
[1767092447.882] REACTION movement_within_response_window
[1767092447.913] REACTION movement_within_response_window
[1767092447.944] REACTION movement_within_response_window
[1767092447.977] REACTION movement_within_response_window
[1767092448.009] REACTION movement_within_response_window
[1767092448.042] REACTION movement_within_response_window
[1767092448.074] REACTION movement_within_response_window
[1767092448.106] REACTION movement_within_response_window
[1767092448.138] REACTION movement_within_response_window
[1767092448.169] REACTION movement_within_response_window
[1767092448.218] REACTION movement_within_response_window
[1767092448.250] REACTION movement_within_response_window
[1767092448.281] REACTION movement_within_response_window
[1767092448.314] REACTION movement_within_response_window
[1767092448.346] REACTION movement_within_response_window
[1767092448.378] REACTION movement_within_response_window
[1767092448.409] REACTION movement_within_response_window
[1767092448.441] REACTION movement_within_response_window
[1767092448.473] REACTION movement_within_response_window
[1767092448.506] REACTION movement_within_response_window
[1767092448.537] REACTION movement_within_response_window
[1767092448.585] REACTION movement_within_response_window
[1767092448.618] REACTION movement_within_response_window
[1767092448.649] REACTION movement_within_response_window
[1767092448.683] REACTION movement_within_response_window
[1767092448.714] REACTION movement_within_response_window
[1767092448.745] REACTION movement_within_response_window
[1767092448.777] REACTION movement_within_response_window
[1767092448.808] REACTION movement_within_response_window
[1767092448.841] REACTION movement_within_response_window
[1767092448.874] MOVEMENT
[1767092448.906] MOVEMENT
[1767092448.954] MOVEMENT
[1767092448.985] MOVEMENT
[1767092449.018] MOVEMENT
[1767092449.049] MOVEMENT
[1767092449.082] MOVEMENT
[1767092449.114] MOVEMENT
[1767092449.146] MOVEMENT
[1767092449.179] MOVEMENT
[1767092449.209] MOVEMENT
[1767092449.242] MOVEMENT
[1767092449.274] MOVEMENT
[1767092449.324] MOVEMENT
[1767092449.355] MOVEMENT
[1767092449.386] MOVEMENT
[1767092449.418] MOVEMENT
[1767092449.450] MOVEMENT
[1767092449.480] MOVEMENT
[1767092449.513] MOVEMENT
[1767092449.545] MOVEMENT
[1767092449.577] MOVEMENT
[1767092449.608] MOVEMENT
[1767092449.641] MOVEMENT
[1767092449.689] MOVEMENT
[1767092449.721] MOVEMENT
[1767092449.754] MOVEMENT
[1767092449.786] MOVEMENT
[1767092449.818] MOVEMENT
[1767092449.850] MOVEMENT
[1767092449.881] MOVEMENT
[1767092449.912] MOVEMENT
[1767092449.946] MOVEMENT
[1767092449.978] MOVEMENT
[1767092450.010] MOVEMENT
[1767092450.059] MOVEMENT
[1767092450.091] MOVEMENT
[1767092450.123] MOVEMENT
[1767092450.154] MOVEMENT
[1767092450.186] MOVEMENT
[1767092450.218] MOVEMENT
[1767092450.250] MOVEMENT
[1767092450.282] MOVEMENT
[1767092450.313] MOVEMENT
[1767092450.346] MOVEMENT
[1767092450.377] MOVEMENT
[1767092450.409] MOVEMENT
[1767092450.458] MOVEMENT
[1767092450.490] MOVEMENT
[1767092450.522] MOVEMENT
[1767092450.554] MOVEMENT
[1767092450.585] MOVEMENT
[1767092450.618] MOVEMENT
[1767092450.650] MOVEMENT
[1767092450.683] MOVEMENT
[1767092450.714] MOVEMENT
[1767092450.745] MOVEMENT
[1767092450.778] MOVEMENT
[1767092450.826] MOVEMENT
[1767092450.858] MOVEMENT
[1767092450.883] STIMULATION type=visual+audio
[1767092450.893] MOVEMENT
[1767092450.922] MOVEMENT
[1767092450.952] MOVEMENT
[1767092450.985] MOVEMENT
[1767092451.016] MOVEMENT
[1767092451.048] MOVEMENT
[1767092451.080] MOVEMENT
[1767092451.112] MOVEMENT
[1767092451.145] MOVEMENT
[1767092451.193] MOVEMENT
[1767092451.224] MOVEMENT
[1767092451.256] MOVEMENT
[1767092451.289] MOVEMENT
[1767092451.322] MOVEMENT
[1767092451.353] MOVEMENT
[1767092451.386] MOVEMENT
[1767092451.418] MOVEMENT
[1767092451.450] MOVEMENT
[1767092451.483] MOVEMENT
[1767092451.512] MOVEMENT
[1767092451.562] MOVEMENT
[1767092451.593] MOVEMENT
[1767092451.625] MOVEMENT
[1767092451.658] MOVEMENT
[1767092451.689] MOVEMENT
[1767092451.721] MOVEMENT
[1767092452.649] REACTION movement_within_response_window
[1767092452.697] REACTION movement_within_response_window
[1767092452.728] REACTION movement_within_response_window
[1767092452.760] REACTION movement_within_response_window
[1767092452.793] REACTION movement_within_response_window
[1767092452.824] REACTION movement_within_response_window
[1767092454.855] MOVEMENT
[1767092454.888] MOVEMENT
[1767092454.937] MOVEMENT
[1767092454.968] MOVEMENT
[1767092455.001] MOVEMENT
[1767092455.033] MOVEMENT
[1767092455.064] MOVEMENT
[1767092455.097] MOVEMENT
[1767092455.127] MOVEMENT
[1767092455.160] MOVEMENT
[1767092455.194] MOVEMENT
[1767092455.224] MOVEMENT
[1767092455.257] MOVEMENT
[1767092455.305] MOVEMENT
[1767092455.337] MOVEMENT
[1767092455.369] MOVEMENT
[1767092455.401] MOVEMENT
[1767092455.433] MOVEMENT
[1767092455.465] MOVEMENT
[1767092455.890] STIMULATION type=visual+audio
[1767092458.436] REACTION movement_within_response_window
[1767092458.471] REACTION movement_within_response_window
[1767092458.502] REACTION movement_within_response_window
[1767092458.536] REACTION movement_within_response_window
[1767092458.568] REACTION movement_within_response_window
[1767092458.598] REACTION movement_within_response_window
[1767092458.646] REACTION movement_within_response_window
[1767092458.678] REACTION movement_within_response_window
[1767092458.710] REACTION movement_within_response_window
[1767092458.741] REACTION movement_within_response_window
[1767092458.773] REACTION movement_within_response_window
[1767092458.804] REACTION movement_within_response_window
[1767092458.834] REACTION movement_within_response_window
[1767092458.867] REACTION movement_within_response_window
[1767092458.899] MOVEMENT
[1767092458.931] MOVEMENT
[1767092458.963] MOVEMENT
[1767092458.995] MOVEMENT
[1767092460.915] STIMULATION type=visual+audio
[1767092465.922] STIMULATION type=visual+audio
[1767092467.705] REACTION movement_within_response_window
[1767092467.739] REACTION movement_within_response_window
[1767092467.767] REACTION movement_within_response_window
[1767092467.799] REACTION movement_within_response_window
[1767092467.832] REACTION movement_within_response_window
[1767092467.863] REACTION movement_within_response_window
[1767092467.898] REACTION movement_within_response_window
[1767092467.931] REACTION movement_within_response_window
[1767092467.961] REACTION movement_within_response_window
[1767092468.009] REACTION movement_within_response_window
[1767092468.040] REACTION movement_within_response_window
[1767092468.071] REACTION movement_within_response_window
[1767092468.104] REACTION movement_within_response_window
[1767092468.137] REACTION movement_within_response_window
[1767092468.167] REACTION movement_within_response_window
[1767092468.200] REACTION movement_within_response_window
[1767092468.232] REACTION movement_within_response_window
[1767092468.266] REACTION movement_within_response_window
[1767092468.296] REACTION movement_within_response_window
[1767092468.331] REACTION movement_within_response_window
[1767092468.378] REACTION movement_within_response_window
[1767092468.408] REACTION movement_within_response_window
[1767092468.440] REACTION movement_within_response_window
[1767092468.474] REACTION movement_within_response_window
[1767092468.504] REACTION movement_within_response_window
[1767092468.535] REACTION movement_within_response_window
[1767092468.567] REACTION movement_within_response_window
[1767092468.600] REACTION movement_within_response_window
[1767092468.633] REACTION movement_within_response_window
[1767092468.664] REACTION movement_within_response_window
[1767092468.694] REACTION movement_within_response_window
[1767092468.743] REACTION movement_within_response_window
[1767092468.774] REACTION movement_within_response_window
[1767092468.806] REACTION movement_within_response_window
[1767092468.837] REACTION movement_within_response_window
[1767092468.868] REACTION movement_within_response_window
[1767092468.901] REACTION movement_within_response_window
[1767092468.933] MOVEMENT
[1767092468.966] MOVEMENT
[1767092469.000] MOVEMENT
[1767092469.032] MOVEMENT
[1767092469.063] MOVEMENT
[1767092469.111] MOVEMENT
[1767092469.143] MOVEMENT
[1767092469.175] MOVEMENT
[1767092469.207] MOVEMENT
[1767092469.239] MOVEMENT
============================================================
EXPERIMENT END
End time: 2025-12-30T13:01:12.281588
------------------------------------------------------------
Total movements: 234
Total stimulations: 5
Total reactions to stimulation: 117
Total movements NOT reactions: 117
============================================================
