============================================================
EXPERIMENT START
Start time: 2025-12-30T13:02:44.566554
============================================================
[1767092564.568] TRIAL_START
[1767092565.981] MOVEMENT
[1767092566.012] MOVEMENT
[1767092566.044] MOVEMENT
[1767092566.076] MOVEMENT
[1767092566.111] MOVEMENT
[1767092566.845] MOVEMENT
[1767092566.876] MOVEMENT
[1767092566.908] MOVEMENT
[1767092566.941] MOVEMENT
[1767092566.972] MOVEMENT
[1767092567.005] MOVEMENT
[1767092567.053] MOVEMENT
[1767092567.085] MOVEMENT
[1767092567.116] MOVEMENT
[1767092567.148] MOVEMENT
[1767092567.179] MOVEMENT
[1767092567.210] MOVEMENT
[1767092567.243] MOVEMENT
[1767092567.276] MOVEMENT
[1767092567.309] MOVEMENT
[1767092567.340] MOVEMENT
[1767092567.373] MOVEMENT
[1767092567.420] MOVEMENT
[1767092569.574] STIMULATION type=visual+audio
[1767092569.918] MOVEMENT
[1767092569.950] MOVEMENT
[1767092569.982] MOVEMENT
[1767092570.015] MOVEMENT
[1767092570.061] MOVEMENT
[1767092570.093] MOVEMENT
[1767092570.124] MOVEMENT
[1767092570.157] MOVEMENT
[1767092570.189] MOVEMENT
[1767092570.223] MOVEMENT
[1767092570.254] MOVEMENT
[1767092570.285] MOVEMENT
[1767092570.317] MOVEMENT
[1767092570.350] MOVEMENT
[1767092570.828] REACTION movement_within_response_window
[1767092570.861] REACTION movement_within_response_window
[1767092570.893] REACTION movement_within_response_window
[1767092570.926] REACTION movement_within_response_window
[1767092570.957] REACTION movement_within_response_window
[1767092570.989] REACTION movement_within_response_window
[1767092571.022] REACTION movement_within_response_window
[1767092571.053] REACTION movement_within_response_window
[1767092571.085] REACTION movement_within_response_window
[1767092571.117] REACTION movement_within_response_window
[1767092571.164] REACTION movement_within_response_window
[1767092571.197] REACTION movement_within_response_window
[1767092574.598] STIMULATION type=visual+audio
[1767092575.739] REACTION movement_within_response_window
[1767092575.774] REACTION movement_within_response_window
[1767092575.804] REACTION movement_within_response_window
[1767092575.837] REACTION movement_within_response_window
[1767092575.869] REACTION movement_within_response_window
[1767092575.899] REACTION movement_within_response_window
[1767092575.931] REACTION movement_within_response_window
[1767092575.965] REACTION movement_within_response_window
[1767092575.997] REACTION movement_within_response_window
[1767092576.046] REACTION movement_within_response_window
[1767092576.077] REACTION movement_within_response_window
[1767092576.108] REACTION movement_within_response_window
[1767092576.141] REACTION movement_within_response_window
[1767092576.173] REACTION movement_within_response_window
[1767092576.205] REACTION movement_within_response_window
[1767092576.237] REACTION movement_within_response_window
[1767092576.268] REACTION movement_within_response_window
[1767092576.301] REACTION movement_within_response_window
[1767092576.333] REACTION movement_within_response_window
[1767092576.364] REACTION movement_within_response_window
[1767092576.413] REACTION movement_within_response_window
[1767092576.444] REACTION movement_within_response_window
[1767092576.476] REACTION movement_within_response_window
[1767092576.508] REACTION movement_within_response_window
[1767092579.606] STIMULATION type=visual+audio
[1767092583.628] MOVEMENT
[1767092583.661] MOVEMENT
[1767092583.693] MOVEMENT
[1767092583.724] MOVEMENT
[1767092583.756] MOVEMENT
[1767092583.789] MOVEMENT
[1767092583.821] MOVEMENT
[1767092583.868] MOVEMENT
[1767092583.901] MOVEMENT
[1767092583.932] MOVEMENT
[1767092583.964] MOVEMENT
[1767092583.999] MOVEMENT
[1767092584.028] MOVEMENT
[1767092584.061] MOVEMENT
[1767092584.093] MOVEMENT
[1767092584.125] MOVEMENT
[1767092584.156] MOVEMENT
[1767092584.189] MOVEMENT
[1767092584.237] MOVEMENT
[1767092584.268] MOVEMENT
[1767092584.300] MOVEMENT
[1767092584.332] MOVEMENT
[1767092584.365] MOVEMENT
[1767092584.397] MOVEMENT
[1767092584.428] MOVEMENT
[1767092584.460] MOVEMENT
[1767092584.493] MOVEMENT
[1767092584.524] MOVEMENT
[1767092584.557] MOVEMENT
[1767092584.604] MOVEMENT
[1767092584.630] STIMULATION type=visual+audio
[1767092584.639] MOVEMENT
[1767092584.667] MOVEMENT
[1767092584.699] MOVEMENT
[1767092584.731] MOVEMENT
[1767092584.763] MOVEMENT
[1767092584.797] MOVEMENT
[1767092584.829] MOVEMENT
[1767092584.861] MOVEMENT
[1767092584.893] MOVEMENT
[1767092584.925] MOVEMENT
[1767092584.957] MOVEMENT
[1767092585.005] MOVEMENT
[1767092585.037] MOVEMENT
[1767092585.068] MOVEMENT
[1767092585.102] MOVEMENT
[1767092585.133] MOVEMENT
[1767092585.166] MOVEMENT
[1767092585.198] MOVEMENT
[1767092585.230] MOVEMENT
[1767092585.261] MOVEMENT
[1767092585.294] MOVEMENT
[1767092585.326] MOVEMENT
[1767092585.375] MOVEMENT
[1767092585.406] MOVEMENT
[1767092585.438] MOVEMENT
[1767092585.469] MOVEMENT
[1767092585.501] MOVEMENT
[1767092585.534] MOVEMENT
[1767092585.565] MOVEMENT
[1767092585.598] MOVEMENT
[1767092585.630] MOVEMENT
[1767092585.660] REACTION movement_within_response_window
[1767092585.693] REACTION movement_within_response_window
[1767092585.740] REACTION movement_within_response_window
[1767092585.771] REACTION movement_within_response_window
[1767092588.301] MOVEMENT
[1767092588.349] MOVEMENT
[1767092588.381] MOVEMENT
[1767092588.413] MOVEMENT
[1767092588.445] MOVEMENT
[1767092588.478] MOVEMENT
[1767092588.509] MOVEMENT
[1767092588.539] MOVEMENT
[1767092588.572] MOVEMENT
[1767092588.606] MOVEMENT
[1767092588.638] MOVEMENT
[1767092588.669] MOVEMENT
[1767092588.718] MOVEMENT
[1767092588.749] MOVEMENT
[1767092588.781] MOVEMENT
[1767092588.814] MOVEMENT
[1767092588.846] MOVEMENT
[1767092588.878] MOVEMENT
[1767092588.910] MOVEMENT
[1767092588.941] MOVEMENT
[1767092588.974] MOVEMENT
[1767092589.006] MOVEMENT
[1767092589.038] MOVEMENT
[1767092589.070] MOVEMENT
[1767092589.117] MOVEMENT
[1767092589.149] MOVEMENT
[1767092589.180] MOVEMENT
[1767092589.212] MOVEMENT
[1767092589.244] MOVEMENT
[1767092589.277] MOVEMENT
[1767092589.309] MOVEMENT
[1767092589.341] MOVEMENT
[1767092589.373] MOVEMENT
[1767092589.405] MOVEMENT
[1767092589.437] MOVEMENT
[1767092589.485] MOVEMENT
[1767092589.517] MOVEMENT
[1767092589.548] MOVEMENT
[1767092589.580] MOVEMENT
[1767092589.612] MOVEMENT
[1767092589.638] STIMULATION type=visual+audio
[1767092589.647] MOVEMENT
[1767092589.676] MOVEMENT
[1767092589.708] MOVEMENT
[1767092589.740] MOVEMENT
[1767092589.772] MOVEMENT
[1767092589.804] MOVEMENT
[1767092589.854] MOVEMENT
[1767092589.885] MOVEMENT
[1767092589.917] MOVEMENT
[1767092592.252] REACTION movement_within_response_window
[1767092592.285] REACTION movement_within_response_window
[1767092592.317] REACTION movement_within_response_window
[1767092592.348] REACTION movement_within_response_window
[1767092592.381] REACTION movement_within_response_window
[1767092592.412] REACTION movement_within_response_window
[1767092592.460] REACTION movement_within_response_window
[1767092592.492] REACTION movement_within_response_window
[1767092592.525] REACTION movement_within_response_window
[1767092592.556] REACTION movement_within_response_window
[1767092592.589] REACTION movement_within_response_window
[1767092592.621] REACTION movement_within_response_window
[1767092592.652] MOVEMENT
[1767092592.685] MOVEMENT
[1767092592.717] MOVEMENT
[1767092592.749] MOVEMENT
[1767092592.781] MOVEMENT
[1767092592.829] MOVEMENT
[1767092592.861] MOVEMENT
[1767092592.893] MOVEMENT
[1767092592.926] MOVEMENT
[1767092592.958] MOVEMENT
[1767092592.989] MOVEMENT
[1767092593.020] MOVEMENT
[1767092593.053] MOVEMENT
[1767092593.086] MOVEMENT
[1767092593.117] MOVEMENT
[1767092593.149] MOVEMENT
[1767092593.181] MOVEMENT
[1767092593.229] MOVEMENT
[1767092593.261] MOVEMENT
[1767092593.293] MOVEMENT
[1767092593.966] MOVEMENT
[1767092593.997] MOVEMENT
[1767092594.029] MOVEMENT
[1767092594.062] MOVEMENT
[1767092594.093] MOVEMENT
[1767092594.125] MOVEMENT
[1767092594.157] MOVEMENT
[1767092594.190] MOVEMENT
[1767092594.221] MOVEMENT
[1767092594.253] MOVEMENT
[1767092594.285] MOVEMENT
[1767092594.335] MOVEMENT
[1767092594.366] MOVEMENT
[1767092594.397] MOVEMENT
[1767092594.430] MOVEMENT
[1767092594.462] MOVEMENT
[1767092594.494] MOVEMENT
[1767092594.526] MOVEMENT
[1767092594.558] MOVEMENT
[1767092594.590] MOVEMENT
[1767092594.622] MOVEMENT
[1767092594.646] STIMULATION type=visual+audio
[1767092594.656] MOVEMENT
[1767092594.700] MOVEMENT
[1767092594.733] MOVEMENT
[1767092594.764] MOVEMENT
[1767092594.797] MOVEMENT
[1767092594.830] MOVEMENT
[1767092594.861] MOVEMENT
[1767092594.893] MOVEMENT
[1767092594.925] MOVEMENT
[1767092594.957] MOVEMENT
[1767092594.987] MOVEMENT
[1767092595.020] MOVEMENT
[1767092595.069] MOVEMENT
[1767092595.101] MOVEMENT
[1767092595.133] MOVEMENT
[1767092595.165] MOVEMENT
[1767092596.828] REACTION movement_within_response_window
[1767092596.862] REACTION movement_within_response_window
[1767092596.893] REACTION movement_within_response_window
[1767092596.940] REACTION movement_within_response_window
[1767092596.972] REACTION movement_within_response_window
[1767092597.004] REACTION movement_within_response_window
[1767092597.036] REACTION movement_within_response_window
[1767092597.069] REACTION movement_within_response_window
[1767092597.100] REACTION movement_within_response_window
[1767092597.133] REACTION movement_within_response_window
[1767092597.165] REACTION movement_within_response_window
[1767092597.198] REACTION movement_within_response_window
[1767092597.229] REACTION movement_within_response_window
[1767092597.261] REACTION movement_within_response_window
[1767092597.308] REACTION movement_within_response_window
[1767092597.340] REACTION movement_within_response_window
[1767092597.372] REACTION movement_within_response_window
[1767092597.404] REACTION movement_within_response_window
[1767092597.436] REACTION movement_within_response_window
[1767092599.670] STIMULATION type=visual+audio
[1767092599.869] MOVEMENT
[1767092599.900] MOVEMENT
[1767092599.948] MOVEMENT
[1767092599.981] MOVEMENT
[1767092600.013] MOVEMENT
[1767092600.045] MOVEMENT
[1767092600.076] MOVEMENT
[1767092600.108] MOVEMENT
[1767092600.140] MOVEMENT
[1767092600.172] MOVEMENT
[1767092600.204] MOVEMENT
[1767092600.237] MOVEMENT
[1767092600.269] MOVEMENT
[1767092604.286] MOVEMENT
[1767092604.318] MOVEMENT
[1767092604.349] MOVEMENT
[1767092604.381] MOVEMENT
[1767092604.428] MOVEMENT
[1767092604.460] MOVEMENT
[1767092604.492] MOVEMENT
[1767092604.525] MOVEMENT
[1767092604.554] MOVEMENT
[1767092604.678] STIMULATION type=visual+audio
[1767092605.261] MOVEMENT
[1767092605.293] MOVEMENT
[1767092605.325] MOVEMENT
[1767092605.358] MOVEMENT
[1767092605.388] MOVEMENT
[1767092605.420] MOVEMENT
[1767092605.452] MOVEMENT
[1767092605.485] MOVEMENT
[1767092605.532] MOVEMENT
[1767092605.564] MOVEMENT
[1767092605.596] MOVEMENT
[1767092605.630] MOVEMENT
[1767092605.661] MOVEMENT
[1767092605.693] REACTION movement_within_response_window
[1767092605.723] REACTION movement_within_response_window
[1767092605.755] REACTION movement_within_response_window
[1767092605.787] REACTION movement_within_response_window
[1767092605.819] REACTION movement_within_response_window
[1767092605.853] REACTION movement_within_response_window
[1767092605.903] REACTION movement_within_response_window
[1767092605.933] REACTION movement_within_response_window
[1767092605.965] REACTION movement_within_response_window
[1767092605.996] REACTION movement_within_response_window
[1767092606.028] REACTION movement_within_response_window
[1767092606.059] REACTION movement_within_response_window
[1767092606.091] REACTION movement_within_response_window
[1767092606.122] REACTION movement_within_response_window
[1767092606.155] REACTION movement_within_response_window
[1767092606.187] REACTION movement_within_response_window
[1767092606.220] REACTION movement_within_response_window
[1767092606.254] REACTION movement_within_response_window
[1767092606.301] REACTION movement_within_response_window
[1767092606.333] REACTION movement_within_response_window
[1767092606.364] REACTION movement_within_response_window
[1767092606.395] REACTION movement_within_response_window
[1767092606.427] REACTION movement_within_response_window
[1767092606.461] REACTION movement_within_response_window
[1767092606.491] REACTION movement_within_response_window
[1767092606.524] REACTION movement_within_response_window
[1767092606.555] REACTION movement_within_response_window
[1767092606.587] REACTION movement_within_response_window
[1767092606.620] REACTION movement_within_response_window
[1767092606.667] REACTION movement_within_response_window
[1767092606.699] REACTION movement_within_response_window
[1767092606.729] REACTION movement_within_response_window
[1767092606.759] REACTION movement_within_response_window
[1767092606.792] REACTION movement_within_response_window
[1767092606.824] REACTION movement_within_response_window
[1767092606.857] REACTION movement_within_response_window
[1767092606.888] REACTION movement_within_response_window
[1767092606.920] REACTION movement_within_response_window
[1767092606.952] REACTION movement_within_response_window
[1767092606.985] REACTION movement_within_response_window
[1767092607.033] REACTION movement_within_response_window
[1767092607.068] REACTION movement_within_response_window
[1767092607.099] REACTION movement_within_response_window
[1767092607.131] REACTION movement_within_response_window
[1767092607.163] REACTION movement_within_response_window
[1767092607.195] REACTION movement_within_response_window
[1767092607.230] REACTION movement_within_response_window
[1767092607.261] REACTION movement_within_response_window
[1767092607.294] REACTION movement_within_response_window
[1767092607.326] REACTION movement_within_response_window
[1767092607.357] REACTION movement_within_response_window
[1767092607.406] REACTION movement_within_response_window
[1767092607.438] REACTION movement_within_response_window
[1767092607.473] REACTION movement_within_response_window
[1767092607.499] REACTION movement_within_response_window
[1767092607.531] REACTION movement_within_response_window
[1767092607.563] REACTION movement_within_response_window
============================================================
EXPERIMENT END
End time: 2025-12-30T13:03:30.466313
------------------------------------------------------------
Total movements: 239
Total stimulations: 8
Total reactions to stimulation: 128
Total movements NOT reactions: 111
============================================================
