============================================================
EXPERIMENT START
Start time: 2025-12-30T12:41:43.076952
============================================================
[1767091303.078] TRIAL_START
[1767091313.109] STIMULATION type=visual+audio
[1767091313.402] MOVEMENT
[1767091313.434] MOVEMENT
[1767091313.482] MOVEMENT
[1767091313.514] MOVEMENT
[1767091313.546] MOVEMENT
[1767091313.578] MOVEMENT
[1767091313.610] MOVEMENT
[1767091313.642] MOVEMENT
[1767091313.673] MOVEMENT
[1767091313.705] MOVEMENT
[1767091313.738] MOVEMENT
[1767091313.770] MOVEMENT
[1767091316.715] MOVEMENT
[1767091316.746] MOVEMENT
[1767091316.778] MOVEMENT
[1767091316.811] MOVEMENT
[1767091316.858] MOVEMENT
[1767091316.891] MOVEMENT
[1767091316.922] MOVEMENT
[1767091316.955] MOVEMENT
[1767091316.987] MOVEMENT
[1767091317.019] MOVEMENT
[1767091317.051] MOVEMENT
[1767091317.082] MOVEMENT
[1767091317.115] MOVEMENT
[1767091317.147] MOVEMENT
[1767091317.178] MOVEMENT
[1767091317.227] MOVEMENT
[1767091317.259] MOVEMENT
[1767091317.290] MOVEMENT
[1767091317.323] MOVEMENT
[1767091317.356] MOVEMENT
[1767091317.387] MOVEMENT
[1767091317.419] MOVEMENT
[1767091317.450] MOVEMENT
[1767091317.483] MOVEMENT
[1767091317.515] MOVEMENT
[1767091317.547] MOVEMENT
[1767091317.578] MOVEMENT
[1767091317.626] MOVEMENT
[1767091317.657] MOVEMENT
[1767091317.689] MOVEMENT
[1767091317.722] MOVEMENT
[1767091318.251] MOVEMENT
[1767091318.282] MOVEMENT
[1767091318.313] MOVEMENT
[1767091318.363] MOVEMENT
[1767091318.394] MOVEMENT
[1767091318.427] MOVEMENT
[1767091318.459] MOVEMENT
[1767091318.490] MOVEMENT
[1767091318.523] MOVEMENT
[1767091318.554] MOVEMENT
[1767091318.586] MOVEMENT
[1767091318.617] MOVEMENT
[1767091318.650] MOVEMENT
[1767091318.682] MOVEMENT
[1767091318.826] MOVEMENT
[1767091318.860] MOVEMENT
[1767091318.890] MOVEMENT
[1767091318.922] MOVEMENT
[1767091318.954] MOVEMENT
[1767091319.082] MOVEMENT
[1767091319.130] MOVEMENT
[1767091319.163] MOVEMENT
[1767091319.195] MOVEMENT
[1767091319.226] MOVEMENT
[1767091319.258] MOVEMENT
[1767091319.290] MOVEMENT
[1767091319.322] MOVEMENT
[1767091319.354] MOVEMENT
[1767091319.386] MOVEMENT
[1767091319.418] MOVEMENT
[1767091319.450] MOVEMENT
[1767091319.499] MOVEMENT
[1767091323.125] STIMULATION type=visual+audio
[1767091324.075] MOVEMENT
[1767091324.106] MOVEMENT
[1767091324.142] MOVEMENT
[1767091324.142] REACTION movement_within_response_window
[1767091324.169] MOVEMENT
[1767091324.169] REACTION movement_within_response_window
[1767091324.201] MOVEMENT
[1767091324.202] REACTION movement_within_response_window
[1767091324.233] MOVEMENT
[1767091324.234] REACTION movement_within_response_window
[1767091324.267] MOVEMENT
[1767091324.268] REACTION movement_within_response_window
[1767091324.299] MOVEMENT
[1767091324.299] REACTION movement_within_response_window
[1767091324.330] MOVEMENT
[1767091324.331] REACTION movement_within_response_window
[1767091324.363] MOVEMENT
[1767091324.363] REACTION movement_within_response_window
[1767091324.410] MOVEMENT
[1767091324.410] REACTION movement_within_response_window
[1767091324.442] MOVEMENT
[1767091324.443] REACTION movement_within_response_window
[1767091324.474] MOVEMENT
[1767091324.474] REACTION movement_within_response_window
[1767091324.506] MOVEMENT
[1767091324.507] REACTION movement_within_response_window
[1767091324.539] MOVEMENT
[1767091324.539] REACTION movement_within_response_window
[1767091324.571] MOVEMENT
[1767091324.571] REACTION movement_within_response_window
[1767091324.603] MOVEMENT
[1767091324.603] REACTION movement_within_response_window
[1767091324.636] MOVEMENT
[1767091324.636] REACTION movement_within_response_window
[1767091324.667] MOVEMENT
[1767091324.667] REACTION movement_within_response_window
[1767091324.700] MOVEMENT
[1767091324.700] REACTION movement_within_response_window
[1767091324.731] MOVEMENT
[1767091324.732] REACTION movement_within_response_window
[1767091324.779] MOVEMENT
[1767091324.780] REACTION movement_within_response_window
[1767091324.811] MOVEMENT
[1767091324.811] REACTION movement_within_response_window
[1767091324.843] MOVEMENT
[1767091324.843] REACTION movement_within_response_window
[1767091324.875] MOVEMENT
[1767091324.876] REACTION movement_within_response_window
[1767091324.907] MOVEMENT
[1767091324.908] REACTION movement_within_response_window
[1767091324.939] MOVEMENT
[1767091324.939] REACTION movement_within_response_window
[1767091324.971] MOVEMENT
[1767091324.972] REACTION movement_within_response_window
[1767091325.002] MOVEMENT
[1767091325.002] REACTION movement_within_response_window
[1767091325.034] MOVEMENT
[1767091325.035] REACTION movement_within_response_window
[1767091325.066] MOVEMENT
[1767091325.067] REACTION movement_within_response_window
[1767091325.098] MOVEMENT
[1767091325.099] REACTION movement_within_response_window
[1767091325.147] MOVEMENT
[1767091325.147] REACTION movement_within_response_window
[1767091325.180] MOVEMENT
[1767091325.180] REACTION movement_within_response_window
[1767091325.211] MOVEMENT
[1767091325.211] REACTION movement_within_response_window
[1767091325.243] MOVEMENT
[1767091325.244] REACTION movement_within_response_window
[1767091325.275] MOVEMENT
[1767091325.275] REACTION movement_within_response_window
[1767091333.124] STIMULATION type=visual+audio
[1767091334.059] MOVEMENT
[1767091334.107] MOVEMENT
[1767091334.139] MOVEMENT
[1767091334.140] REACTION movement_within_response_window
[1767091334.169] MOVEMENT
[1767091334.170] REACTION movement_within_response_window
[1767091334.201] MOVEMENT
[1767091334.202] REACTION movement_within_response_window
[1767091334.233] MOVEMENT
[1767091334.234] REACTION movement_within_response_window
[1767091334.264] MOVEMENT
[1767091334.265] REACTION movement_within_response_window
[1767091334.299] MOVEMENT
[1767091334.299] REACTION movement_within_response_window
[1767091334.330] MOVEMENT
[1767091334.331] REACTION movement_within_response_window
[1767091334.363] MOVEMENT
[1767091334.363] REACTION movement_within_response_window
[1767091334.394] MOVEMENT
[1767091334.395] REACTION movement_within_response_window
[1767091334.426] MOVEMENT
[1767091334.426] REACTION movement_within_response_window
[1767091334.475] MOVEMENT
[1767091334.475] REACTION movement_within_response_window
[1767091334.506] MOVEMENT
[1767091334.506] REACTION movement_within_response_window
[1767091334.539] MOVEMENT
[1767091334.539] REACTION movement_within_response_window
[1767091334.571] MOVEMENT
[1767091334.571] REACTION movement_within_response_window
[1767091334.602] MOVEMENT
[1767091334.604] REACTION movement_within_response_window
[1767091334.635] MOVEMENT
[1767091334.635] REACTION movement_within_response_window
[1767091334.667] MOVEMENT
[1767091334.667] REACTION movement_within_response_window
[1767091334.699] MOVEMENT
[1767091334.699] REACTION movement_within_response_window
[1767091334.730] MOVEMENT
[1767091334.731] REACTION movement_within_response_window
[1767091334.762] MOVEMENT
[1767091334.763] REACTION movement_within_response_window
[1767091334.794] MOVEMENT
[1767091334.794] REACTION movement_within_response_window
[1767091334.825] MOVEMENT
[1767091334.826] REACTION movement_within_response_window
[1767091334.874] MOVEMENT
[1767091334.875] REACTION movement_within_response_window
[1767091339.450] MOVEMENT
[1767091339.482] MOVEMENT
[1767091339.515] MOVEMENT
[1767091339.547] MOVEMENT
[1767091339.579] MOVEMENT
[1767091339.611] MOVEMENT
============================================================
EXPERIMENT END
End time: 2025-12-30T12:42:23.729807
------------------------------------------------------------
Total movements: 143
Total stimulations: 3
Total reactions to stimulation: 58
Total movements NOT reactions: 85
============================================================
