============================================================
EXPERIMENT START
Start time: 2025-12-30T12:36:50.096702
============================================================
[1767091010.098] TRIAL_START
[1767091020.128] STIMULATION type=visual+audio
[1767091030.143] STIMULATION type=visual+audio
[1767091039.745] MOVEMENT
[1767091039.778] MOVEMENT
[1767091039.810] MOVEMENT
[1767091039.842] MOVEMENT
[1767091039.873] MOVEMENT
[1767091039.905] MOVEMENT
[1767091039.937] MOVEMENT
[1767091039.970] MOVEMENT
[1767091040.001] MOVEMENT
[1767091040.049] MOVEMENT
[1767091040.081] MOVEMENT
[1767091040.114] MOVEMENT
[1767091040.146] MOVEMENT
[1767091040.174] STIMULATION type=visual+audio
[1767091040.178] MOVEMENT
[1767091040.209] MOVEMENT
[1767091040.244] MOVEMENT
[1767091040.273] MOVEMENT
[1767091040.305] MOVEMENT
[1767091040.338] MOVEMENT
[1767091040.369] MOVEMENT
[1767091040.417] MOVEMENT
[1767091040.785] MOVEMENT
[1767091040.817] MOVEMENT
[1767091040.852] MOVEMENT
[1767091040.881] MOVEMENT
[1767091040.916] MOVEMENT
[1767091040.946] MOVEMENT
[1767091040.977] MOVEMENT
[1767091041.010] MOVEMENT
[1767091041.041] MOVEMENT
[1767091041.075] MOVEMENT
[1767091041.105] MOVEMENT
[1767091041.136] MOVEMENT
[1767091041.186] MOVEMENT
[1767091041.186] REACTION movement_within_response_window
[1767091041.218] MOVEMENT
[1767091041.249] MOVEMENT
[1767091041.281] MOVEMENT
[1767091041.313] MOVEMENT
[1767091041.347] MOVEMENT
[1767091041.377] MOVEMENT
[1767091041.410] MOVEMENT
[1767091041.442] MOVEMENT
[1767091041.474] MOVEMENT
[1767091041.505] MOVEMENT
[1767091041.555] MOVEMENT
[1767091041.585] MOVEMENT
[1767091041.617] MOVEMENT
[1767091041.649] MOVEMENT
[1767091041.683] MOVEMENT
[1767091041.713] MOVEMENT
[1767091041.746] MOVEMENT
[1767091041.777] MOVEMENT
[1767091041.809] MOVEMENT
[1767091041.841] MOVEMENT
[1767091041.874] MOVEMENT
[1767091041.921] MOVEMENT
[1767091041.954] MOVEMENT
[1767091041.985] MOVEMENT
[1767091042.018] MOVEMENT
[1767091042.049] MOVEMENT
[1767091042.082] MOVEMENT
[1767091042.114] MOVEMENT
[1767091042.146] MOVEMENT
[1767091042.178] MOVEMENT
[1767091042.210] MOVEMENT
[1767091042.241] MOVEMENT
[1767091042.289] MOVEMENT
[1767091042.323] MOVEMENT
[1767091042.353] MOVEMENT
[1767091042.385] MOVEMENT
[1767091042.419] MOVEMENT
[1767091042.449] MOVEMENT
[1767091042.482] MOVEMENT
[1767091042.514] MOVEMENT
[1767091042.546] MOVEMENT
[1767091042.577] MOVEMENT
[1767091042.610] MOVEMENT
[1767091042.642] MOVEMENT
[1767091042.692] MOVEMENT
[1767091042.721] MOVEMENT
[1767091042.756] MOVEMENT
[1767091042.786] MOVEMENT
[1767091042.817] MOVEMENT
[1767091042.849] MOVEMENT
[1767091042.882] MOVEMENT
[1767091042.913] MOVEMENT
[1767091042.946] MOVEMENT
[1767091042.978] MOVEMENT
[1767091043.010] MOVEMENT
[1767091043.057] MOVEMENT
[1767091043.089] MOVEMENT
[1767091043.123] MOVEMENT
[1767091043.153] MOVEMENT
[1767091043.184] MOVEMENT
[1767091043.217] MOVEMENT
[1767091043.249] MOVEMENT
[1767091043.281] MOVEMENT
[1767091043.313] MOVEMENT
[1767091043.345] MOVEMENT
[1767091043.378] MOVEMENT
[1767091043.426] MOVEMENT
[1767091043.458] MOVEMENT
[1767091043.491] MOVEMENT
[1767091043.522] MOVEMENT
[1767091043.553] MOVEMENT
[1767091043.585] MOVEMENT
[1767091043.617] MOVEMENT
[1767091043.649] MOVEMENT
[1767091043.681] MOVEMENT
[1767091043.713] MOVEMENT
[1767091043.746] MOVEMENT
[1767091043.794] MOVEMENT
[1767091043.825] MOVEMENT
[1767091043.857] MOVEMENT
[1767091043.890] MOVEMENT
[1767091043.924] MOVEMENT
[1767091043.953] MOVEMENT
[1767091043.985] MOVEMENT
[1767091044.017] MOVEMENT
[1767091044.049] MOVEMENT
[1767091045.619] MOVEMENT
[1767091045.653] MOVEMENT
[1767091045.704] MOVEMENT
[1767091045.729] MOVEMENT
[1767091045.761] MOVEMENT
[1767091045.796] MOVEMENT
[1767091045.825] MOVEMENT
[1767091045.857] MOVEMENT
[1767091045.889] MOVEMENT
[1767091045.922] MOVEMENT
[1767091045.954] MOVEMENT
[1767091045.986] MOVEMENT
[1767091046.018] MOVEMENT
[1767091046.067] MOVEMENT
[1767091046.098] MOVEMENT
[1767091046.131] MOVEMENT
[1767091046.164] MOVEMENT
[1767091046.198] MOVEMENT
[1767091046.567] MOVEMENT
[1767091046.599] MOVEMENT
[1767091046.629] MOVEMENT
[1767091046.661] MOVEMENT
[1767091046.693] MOVEMENT
[1767091046.728] MOVEMENT
[1767091046.759] MOVEMENT
[1767091046.808] MOVEMENT
[1767091046.840] MOVEMENT
[1767091046.871] MOVEMENT
[1767091046.904] MOVEMENT
[1767091046.934] MOVEMENT
[1767091046.966] MOVEMENT
[1767091046.997] MOVEMENT
[1767091047.029] MOVEMENT
[1767091047.061] MOVEMENT
[1767091047.094] MOVEMENT
[1767091047.125] MOVEMENT
[1767091047.160] MOVEMENT
[1767091047.204] MOVEMENT
[1767091047.240] MOVEMENT
[1767091047.768] MOVEMENT
[1767091047.800] MOVEMENT
[1767091047.831] MOVEMENT
[1767091047.863] MOVEMENT
[1767091047.895] MOVEMENT
[1767091047.944] MOVEMENT
[1767091047.976] MOVEMENT
[1767091048.008] MOVEMENT
[1767091048.040] MOVEMENT
[1767091048.072] MOVEMENT
[1767091048.104] MOVEMENT
[1767091048.136] MOVEMENT
[1767091048.168] MOVEMENT
[1767091048.200] MOVEMENT
[1767091048.232] MOVEMENT
[1767091048.264] MOVEMENT
[1767091048.311] MOVEMENT
[1767091048.343] MOVEMENT
[1767091048.376] MOVEMENT
[1767091048.409] MOVEMENT
[1767091048.437] MOVEMENT
[1767091048.470] MOVEMENT
[1767091048.504] MOVEMENT
[1767091048.966] MOVEMENT
[1767091049.000] MOVEMENT
[1767091049.032] MOVEMENT
[1767091049.079] MOVEMENT
[1767091049.111] MOVEMENT
[1767091049.143] MOVEMENT
[1767091049.174] MOVEMENT
[1767091049.207] MOVEMENT
[1767091049.238] MOVEMENT
[1767091049.270] MOVEMENT
[1767091049.303] MOVEMENT
[1767091049.333] MOVEMENT
[1767091049.367] MOVEMENT
[1767091049.400] MOVEMENT
[1767091049.447] MOVEMENT
[1767091049.479] MOVEMENT
[1767091049.512] MOVEMENT
[1767091049.543] MOVEMENT
[1767091049.576] MOVEMENT
[1767091049.607] MOVEMENT
[1767091049.640] MOVEMENT
[1767091049.672] MOVEMENT
[1767091049.704] MOVEMENT
[1767091049.734] MOVEMENT
[1767091049.768] MOVEMENT
[1767091049.815] MOVEMENT
[1767091049.846] MOVEMENT
[1767091049.880] MOVEMENT
[1767091049.911] MOVEMENT
[1767091049.944] MOVEMENT
[1767091049.975] MOVEMENT
[1767091050.008] MOVEMENT
[1767091050.040] MOVEMENT
[1767091050.071] MOVEMENT
[1767091050.104] MOVEMENT
[1767091050.136] MOVEMENT
[1767091050.176] STIMULATION type=visual+audio
[1767091050.186] MOVEMENT
[1767091050.214] MOVEMENT
[1767091050.246] MOVEMENT
[1767091050.278] MOVEMENT
[1767091050.309] MOVEMENT
[1767091050.341] MOVEMENT
[1767091050.375] MOVEMENT
[1767091050.406] MOVEMENT
[1767091050.438] MOVEMENT
[1767091050.472] MOVEMENT
[1767091050.503] MOVEMENT
[1767091050.536] MOVEMENT
[1767091050.583] MOVEMENT
[1767091050.615] MOVEMENT
[1767091050.646] MOVEMENT
[1767091050.677] MOVEMENT
[1767091050.709] MOVEMENT
[1767091050.741] MOVEMENT
[1767091050.775] MOVEMENT
[1767091050.808] MOVEMENT
[1767091050.838] MOVEMENT
[1767091050.869] MOVEMENT
[1767091050.902] MOVEMENT
[1767091050.951] MOVEMENT
[1767091050.981] MOVEMENT
[1767091051.014] MOVEMENT
[1767091051.046] MOVEMENT
[1767091051.078] MOVEMENT
[1767091051.111] MOVEMENT
[1767091051.143] MOVEMENT
[1767091051.175] MOVEMENT
[1767091051.207] MOVEMENT
[1767091051.208] REACTION movement_within_response_window
[1767091051.238] MOVEMENT
[1767091051.269] MOVEMENT
[1767091051.319] MOVEMENT
[1767091051.352] MOVEMENT
[1767091051.383] MOVEMENT
[1767091053.014] MOVEMENT
[1767091053.045] MOVEMENT
[1767091053.079] MOVEMENT
[1767091053.110] MOVEMENT
[1767091053.590] MOVEMENT
[1767091053.621] MOVEMENT
[1767091053.654] MOVEMENT
[1767091054.182] MOVEMENT
[1767091054.215] MOVEMENT
[1767091054.246] MOVEMENT
[1767091054.294] MOVEMENT
[1767091054.326] MOVEMENT
[1767091054.358] MOVEMENT
[1767091054.391] MOVEMENT
[1767091054.422] MOVEMENT
[1767091054.454] MOVEMENT
[1767091054.486] MOVEMENT
[1767091054.517] MOVEMENT
[1767091054.919] MOVEMENT
[1767091054.950] MOVEMENT
[1767091054.983] MOVEMENT
[1767091055.014] MOVEMENT
[1767091055.062] MOVEMENT
[1767091055.094] MOVEMENT
[1767091055.126] MOVEMENT
[1767091060.192] STIMULATION type=visual+audio
[1767091061.236] MOVEMENT
[1767091061.237] REACTION movement_within_response_window
[1767091061.267] MOVEMENT
[1767091061.300] MOVEMENT
[1767091061.331] MOVEMENT
[1767091061.364] MOVEMENT
[1767091061.413] MOVEMENT
[1767091061.446] MOVEMENT
[1767091061.477] MOVEMENT
[1767091061.509] MOVEMENT
[1767091061.541] MOVEMENT
[1767091061.574] MOVEMENT
[1767091061.605] MOVEMENT
[1767091061.638] MOVEMENT
[1767091061.669] MOVEMENT
[1767091061.702] MOVEMENT
[1767091061.733] MOVEMENT
[1767091061.782] MOVEMENT
[1767091061.815] MOVEMENT
[1767091061.846] MOVEMENT
[1767091061.878] MOVEMENT
[1767091061.910] MOVEMENT
[1767091061.942] MOVEMENT
[1767091061.974] MOVEMENT
[1767091062.004] MOVEMENT
[1767091062.037] MOVEMENT
[1767091062.070] MOVEMENT
[1767091062.103] MOVEMENT
[1767091067.622] MOVEMENT
[1767091067.654] MOVEMENT
[1767091067.686] MOVEMENT
[1767091067.718] MOVEMENT
[1767091067.765] MOVEMENT
[1767091067.798] MOVEMENT
[1767091067.829] MOVEMENT
[1767091067.862] MOVEMENT
[1767091067.894] MOVEMENT
[1767091067.925] MOVEMENT
[1767091067.958] MOVEMENT
[1767091067.989] MOVEMENT
[1767091068.021] MOVEMENT
[1767091068.053] MOVEMENT
[1767091068.086] MOVEMENT
[1767091068.133] MOVEMENT
[1767091068.165] MOVEMENT
[1767091069.398] MOVEMENT
[1767091069.429] MOVEMENT
[1767091069.461] MOVEMENT
[1767091069.494] MOVEMENT
[1767091069.526] MOVEMENT
[1767091069.559] MOVEMENT
[1767091069.606] MOVEMENT
[1767091069.636] MOVEMENT
[1767091069.670] MOVEMENT
[1767091069.699] MOVEMENT
[1767091069.733] MOVEMENT
[1767091069.765] MOVEMENT
[1767091069.797] MOVEMENT
[1767091069.828] MOVEMENT
[1767091070.223] STIMULATION type=visual+audio
[1767091072.439] MOVEMENT
[1767091072.440] REACTION movement_within_response_window
[1767091072.470] MOVEMENT
[1767091072.502] MOVEMENT
[1767091072.534] MOVEMENT
[1767091072.566] MOVEMENT
[1767091072.613] MOVEMENT
[1767091072.645] MOVEMENT
[1767091072.677] MOVEMENT
[1767091072.709] MOVEMENT
[1767091072.741] MOVEMENT
[1767091072.775] MOVEMENT
[1767091072.806] MOVEMENT
[1767091072.838] MOVEMENT
[1767091072.870] MOVEMENT
[1767091072.902] MOVEMENT
[1767091072.934] MOVEMENT
[1767091072.983] MOVEMENT
[1767091073.015] MOVEMENT
[1767091073.047] MOVEMENT
[1767091073.078] MOVEMENT
[1767091073.110] MOVEMENT
[1767091073.142] MOVEMENT
[1767091073.173] MOVEMENT
[1767091073.206] MOVEMENT
[1767091073.238] MOVEMENT
[1767091073.270] MOVEMENT
[1767091073.302] MOVEMENT
[1767091073.349] MOVEMENT
[1767091073.382] MOVEMENT
[1767091073.414] MOVEMENT
[1767091073.446] MOVEMENT
[1767091073.478] MOVEMENT
[1767091073.511] MOVEMENT
[1767091073.542] MOVEMENT
[1767091073.574] MOVEMENT
[1767091073.606] MOVEMENT
[1767091073.637] MOVEMENT
[1767091073.670] MOVEMENT
[1767091073.719] MOVEMENT
[1767091073.750] MOVEMENT
[1767091073.782] MOVEMENT
[1767091073.814] MOVEMENT
[1767091073.846] MOVEMENT
[1767091073.878] MOVEMENT
[1767091073.909] MOVEMENT
[1767091073.941] MOVEMENT
[1767091073.974] MOVEMENT
[1767091074.006] MOVEMENT
[1767091074.038] MOVEMENT
[1767091074.069] MOVEMENT
[1767091074.118] MOVEMENT
[1767091074.150] MOVEMENT
[1767091074.183] MOVEMENT
[1767091074.215] MOVEMENT
[1767091074.245] MOVEMENT
[1767091074.277] MOVEMENT
[1767091074.309] MOVEMENT
[1767091074.342] MOVEMENT
[1767091074.374] MOVEMENT
[1767091074.406] MOVEMENT
[1767091074.437] MOVEMENT
[1767091074.486] MOVEMENT
[1767091074.518] MOVEMENT
[1767091074.550] MOVEMENT
[1767091074.582] MOVEMENT
[1767091074.614] MOVEMENT
[1767091074.645] MOVEMENT
[1767091075.653] MOVEMENT
[1767091075.686] MOVEMENT
[1767091075.718] MOVEMENT
[1767091075.750] MOVEMENT
[1767091075.781] MOVEMENT
[1767091075.812] MOVEMENT
[1767091075.844] MOVEMENT
[1767091075.877] MOVEMENT
[1767091075.909] MOVEMENT
[1767091075.958] MOVEMENT
[1767091075.990] MOVEMENT
[1767091076.021] MOVEMENT
[1767091076.052] MOVEMENT
[1767091076.085] MOVEMENT
[1767091076.117] MOVEMENT
[1767091076.148] MOVEMENT
[1767091076.181] MOVEMENT
[1767091076.213] MOVEMENT
[1767091076.244] MOVEMENT
[1767091076.276] MOVEMENT
[1767091076.308] MOVEMENT
[1767091076.359] MOVEMENT
[1767091076.390] MOVEMENT
[1767091076.422] MOVEMENT
[1767091076.453] MOVEMENT
[1767091076.485] MOVEMENT
[1767091076.516] MOVEMENT
[1767091076.549] MOVEMENT
[1767091076.580] MOVEMENT
[1767091076.613] MOVEMENT
[1767091076.645] MOVEMENT
[1767091076.677] MOVEMENT
[1767091076.724] MOVEMENT
[1767091076.758] MOVEMENT
[1767091076.790] MOVEMENT
[1767091077.286] MOVEMENT
[1767091077.318] MOVEMENT
[1767091077.349] MOVEMENT
[1767091077.382] MOVEMENT
[1767091077.414] MOVEMENT
[1767091077.462] MOVEMENT
[1767091077.495] MOVEMENT
[1767091077.527] MOVEMENT
[1767091077.558] MOVEMENT
[1767091077.590] MOVEMENT
[1767091077.622] MOVEMENT
[1767091077.654] MOVEMENT
[1767091077.686] MOVEMENT
[1767091077.718] MOVEMENT
[1767091077.750] MOVEMENT
[1767091077.782] MOVEMENT
[1767091077.830] MOVEMENT
[1767091077.862] MOVEMENT
[1767091077.894] MOVEMENT
[1767091077.925] MOVEMENT
[1767091077.956] MOVEMENT
[1767091080.224] STIMULATION type=visual+audio
[1767091090.256] STIMULATION type=visual+audio
[1767091092.599] MOVEMENT
[1767091092.599] REACTION movement_within_response_window
[1767091092.631] MOVEMENT
[1767091092.662] MOVEMENT
[1767091092.695] MOVEMENT
[1767091092.727] MOVEMENT
[1767091092.774] MOVEMENT
[1767091092.806] MOVEMENT
[1767091092.838] MOVEMENT
[1767091092.870] MOVEMENT
[1767091092.902] MOVEMENT
[1767091092.934] MOVEMENT
[1767091092.967] MOVEMENT
[1767091092.998] MOVEMENT
[1767091093.030] MOVEMENT
[1767091093.062] MOVEMENT
[1767091093.094] MOVEMENT
[1767091093.126] MOVEMENT
[1767091095.367] MOVEMENT
[1767091095.414] MOVEMENT
[1767091095.445] MOVEMENT
[1767091095.477] MOVEMENT
[1767091095.511] MOVEMENT
[1767091095.542] MOVEMENT
[1767091095.574] MOVEMENT
[1767091095.607] MOVEMENT
[1767091095.638] MOVEMENT
[1767091095.671] MOVEMENT
[1767091095.703] MOVEMENT
[1767091095.732] MOVEMENT
[1767091095.783] MOVEMENT
[1767091095.815] MOVEMENT
[1767091095.847] MOVEMENT
[1767091095.879] MOVEMENT
[1767091095.912] MOVEMENT
[1767091095.942] MOVEMENT
[1767091095.974] MOVEMENT
[1767091096.006] MOVEMENT
[1767091096.039] MOVEMENT
[1767091096.071] MOVEMENT
[1767091096.103] MOVEMENT
[1767091096.150] MOVEMENT
[1767091096.182] MOVEMENT
[1767091096.214] MOVEMENT
[1767091096.246] MOVEMENT
[1767091096.277] MOVEMENT
[1767091096.311] MOVEMENT
[1767091096.343] MOVEMENT
[1767091096.374] MOVEMENT
[1767091096.407] MOVEMENT
[1767091096.438] MOVEMENT
[1767091096.471] MOVEMENT
[1767091096.504] MOVEMENT
[1767091096.550] MOVEMENT
[1767091096.581] MOVEMENT
[1767091096.615] MOVEMENT
[1767091096.647] MOVEMENT
[1767091096.678] MOVEMENT
[1767091096.712] MOVEMENT
[1767091096.742] MOVEMENT
[1767091096.774] MOVEMENT
[1767091096.807] MOVEMENT
[1767091096.838] MOVEMENT
[1767091096.870] MOVEMENT
[1767091096.919] MOVEMENT
[1767091096.950] MOVEMENT
[1767091096.982] MOVEMENT
[1767091097.014] MOVEMENT
[1767091097.046] MOVEMENT
[1767091097.078] MOVEMENT
[1767091097.110] MOVEMENT
[1767091097.142] MOVEMENT
[1767091097.175] MOVEMENT
[1767091097.206] MOVEMENT
[1767091097.237] MOVEMENT
[1767091097.286] MOVEMENT
[1767091097.318] MOVEMENT
[1767091097.351] MOVEMENT
[1767091097.383] MOVEMENT
[1767091097.415] MOVEMENT
[1767091097.446] MOVEMENT
[1767091097.478] MOVEMENT
[1767091097.512] MOVEMENT
[1767091097.542] MOVEMENT
[1767091097.574] MOVEMENT
[1767091097.607] MOVEMENT
[1767091097.654] MOVEMENT
[1767091097.688] MOVEMENT
[1767091097.718] MOVEMENT
[1767091097.750] MOVEMENT
[1767091097.782] MOVEMENT
[1767091097.813] MOVEMENT
[1767091097.846] MOVEMENT
============================================================
EXPERIMENT END
End time: 2025-12-30T12:38:22.739955
------------------------------------------------------------
Total movements: 553
Total stimulations: 8
Total reactions to stimulation: 5
Total movements NOT reactions: 548
============================================================
