============================================================
EXPERIMENT START
Start time: 2025-12-30T13:22:49.391650
============================================================
[1767093769.392] TRIAL_START
[1767093770.245] MOVEMENT
[1767093770.278] MOVEMENT
[1767093770.309] MOVEMENT
[1767093770.340] MOVEMENT
[1767093770.373] MOVEMENT
[1767093770.406] MOVEMENT
[1767093770.437] MOVEMENT
[1767093770.469] MOVEMENT
[1767093770.502] MOVEMENT
[1767093771.237] MOVEMENT
[1767093771.269] MOVEMENT
[1767093771.317] MOVEMENT
[1767093771.348] MOVEMENT
[1767093771.381] MOVEMENT
[1767093771.413] MOVEMENT
[1767093771.444] MOVEMENT
[1767093771.475] MOVEMENT
[1767093771.510] MOVEMENT
[1767093771.541] MOVEMENT
[1767093771.573] MOVEMENT
[1767093771.605] MOVEMENT
[1767093771.638] MOVEMENT
[1767093771.685] MOVEMENT
[1767093771.717] MOVEMENT
[1767093771.749] MOVEMENT
[1767093771.781] MOVEMENT
[1767093771.813] MOVEMENT
[1767093774.414] STIMULATION type=visual+audio
[1767093777.303] REACTION movement_within_response_window
[1767093777.337] REACTION movement_within_response_window
[1767093777.366] REACTION movement_within_response_window
[1767093777.398] REACTION movement_within_response_window
[1767093777.430] MOVEMENT
[1767093777.462] MOVEMENT
[1767093777.495] MOVEMENT
[1767093777.527] MOVEMENT
[1767093777.558] MOVEMENT
[1767093777.590] MOVEMENT
[1767093777.623] MOVEMENT
[1767093777.656] MOVEMENT
[1767093777.703] MOVEMENT
[1767093777.736] MOVEMENT
[1767093777.767] MOVEMENT
[1767093777.800] MOVEMENT
[1767093777.830] MOVEMENT
[1767093777.863] MOVEMENT
[1767093777.894] MOVEMENT
[1767093777.926] MOVEMENT
[1767093777.958] MOVEMENT
[1767093777.991] MOVEMENT
[1767093778.023] MOVEMENT
[1767093778.070] MOVEMENT
[1767093778.103] MOVEMENT
[1767093778.132] MOVEMENT
[1767093778.166] MOVEMENT
[1767093778.198] MOVEMENT
[1767093778.231] MOVEMENT
[1767093778.263] MOVEMENT
[1767093778.295] MOVEMENT
[1767093778.327] MOVEMENT
[1767093778.357] MOVEMENT
[1767093778.392] MOVEMENT
[1767093778.437] MOVEMENT
[1767093778.470] MOVEMENT
[1767093778.500] MOVEMENT
[1767093778.532] MOVEMENT
[1767093778.566] MOVEMENT
[1767093778.599] MOVEMENT
[1767093778.630] MOVEMENT
[1767093778.663] MOVEMENT
[1767093778.694] MOVEMENT
[1767093778.727] MOVEMENT
[1767093778.759] MOVEMENT
[1767093778.806] MOVEMENT
[1767093778.838] MOVEMENT
[1767093778.870] MOVEMENT
[1767093778.902] MOVEMENT
[1767093778.935] MOVEMENT
[1767093778.967] MOVEMENT
[1767093778.997] MOVEMENT
[1767093779.030] MOVEMENT
[1767093779.062] MOVEMENT
[1767093779.094] MOVEMENT
[1767093779.126] MOVEMENT
[1767093779.174] MOVEMENT
[1767093779.206] MOVEMENT
[1767093779.237] MOVEMENT
[1767093779.270] MOVEMENT
[1767093779.302] MOVEMENT
[1767093779.334] MOVEMENT
[1767093779.365] MOVEMENT
[1767093779.398] MOVEMENT
[1767093779.423] STIMULATION type=visual+audio
[1767093779.433] MOVEMENT
[1767093779.460] MOVEMENT
[1767093779.493] MOVEMENT
[1767093779.523] MOVEMENT
[1767093779.574] MOVEMENT
[1767093779.606] MOVEMENT
[1767093779.638] MOVEMENT
[1767093779.670] MOVEMENT
[1767093779.702] MOVEMENT
[1767093779.734] MOVEMENT
[1767093779.766] MOVEMENT
[1767093779.799] MOVEMENT
[1767093779.830] MOVEMENT
[1767093779.862] MOVEMENT
[1767093779.894] MOVEMENT
[1767093779.943] MOVEMENT
[1767093779.976] MOVEMENT
[1767093780.007] MOVEMENT
[1767093780.039] MOVEMENT
[1767093780.070] MOVEMENT
[1767093780.101] MOVEMENT
[1767093780.135] MOVEMENT
[1767093780.167] MOVEMENT
[1767093780.199] MOVEMENT
[1767093780.231] MOVEMENT
[1767093780.264] MOVEMENT
[1767093780.311] MOVEMENT
[1767093780.343] MOVEMENT
[1767093780.374] MOVEMENT
[1767093780.404] MOVEMENT
[1767093780.438] REACTION movement_within_response_window
[1767093780.468] REACTION movement_within_response_window
[1767093780.501] REACTION movement_within_response_window
[1767093780.532] REACTION movement_within_response_window
[1767093780.566] REACTION movement_within_response_window
[1767093780.600] REACTION movement_within_response_window
[1767093780.631] REACTION movement_within_response_window
[1767093780.679] REACTION movement_within_response_window
[1767093780.711] REACTION movement_within_response_window
[1767093780.744] REACTION movement_within_response_window
[1767093780.776] REACTION movement_within_response_window
[1767093780.806] REACTION movement_within_response_window
[1767093780.838] REACTION movement_within_response_window
[1767093780.871] REACTION movement_within_response_window
[1767093780.904] REACTION movement_within_response_window
[1767093780.935] REACTION movement_within_response_window
[1767093780.966] REACTION movement_within_response_window
[1767093781.000] REACTION movement_within_response_window
[1767093781.046] REACTION movement_within_response_window
[1767093781.078] REACTION movement_within_response_window
[1767093781.109] REACTION movement_within_response_window
[1767093781.142] REACTION movement_within_response_window
[1767093781.174] REACTION movement_within_response_window
[1767093781.206] REACTION movement_within_response_window
[1767093781.236] REACTION movement_within_response_window
[1767093781.269] REACTION movement_within_response_window
[1767093781.303] REACTION movement_within_response_window
[1767093781.335] REACTION movement_within_response_window
[1767093781.367] REACTION movement_within_response_window
[1767093781.414] REACTION movement_within_response_window
[1767093781.446] REACTION movement_within_response_window
[1767093781.478] REACTION movement_within_response_window
[1767093781.510] REACTION movement_within_response_window
[1767093781.542] REACTION movement_within_response_window
[1767093781.573] REACTION movement_within_response_window
[1767093781.606] REACTION movement_within_response_window
[1767093781.638] REACTION movement_within_response_window
[1767093781.671] REACTION movement_within_response_window
[1767093783.239] MOVEMENT
[1767093783.286] MOVEMENT
[1767093783.318] MOVEMENT
[1767093783.350] MOVEMENT
[1767093783.382] MOVEMENT
[1767093783.414] MOVEMENT
[1767093783.446] MOVEMENT
[1767093783.478] MOVEMENT
[1767093783.510] MOVEMENT
[1767093783.542] MOVEMENT
[1767093783.572] MOVEMENT
[1767093783.604] MOVEMENT
[1767093783.654] MOVEMENT
[1767093783.686] MOVEMENT
[1767093783.718] MOVEMENT
[1767093783.749] MOVEMENT
[1767093783.782] MOVEMENT
[1767093783.813] MOVEMENT
[1767093784.446] STIMULATION type=visual+audio
[1767093789.454] STIMULATION type=visual+audio
[1767093789.798] MOVEMENT
[1767093789.830] MOVEMENT
[1767093789.863] MOVEMENT
[1767093789.894] MOVEMENT
[1767093789.925] MOVEMENT
[1767093789.958] MOVEMENT
[1767093790.008] MOVEMENT
[1767093790.039] MOVEMENT
[1767093790.071] MOVEMENT
[1767093790.100] MOVEMENT
[1767093790.134] MOVEMENT
[1767093790.166] MOVEMENT
[1767093790.198] MOVEMENT
[1767093790.229] MOVEMENT
[1767093790.261] MOVEMENT
[1767093790.294] MOVEMENT
[1767093790.325] MOVEMENT
[1767093790.357] MOVEMENT
[1767093790.406] MOVEMENT
[1767093790.438] MOVEMENT
[1767093790.470] REACTION movement_within_response_window
[1767093790.500] REACTION movement_within_response_window
[1767093790.532] REACTION movement_within_response_window
[1767093790.563] REACTION movement_within_response_window
[1767093790.596] REACTION movement_within_response_window
[1767093790.630] REACTION movement_within_response_window
[1767093790.661] REACTION movement_within_response_window
[1767093790.693] REACTION movement_within_response_window
[1767093790.725] REACTION movement_within_response_window
[1767093790.773] REACTION movement_within_response_window
[1767093790.806] REACTION movement_within_response_window
[1767093790.837] REACTION movement_within_response_window
[1767093790.869] REACTION movement_within_response_window
[1767093790.901] REACTION movement_within_response_window
[1767093790.934] REACTION movement_within_response_window
[1767093790.966] REACTION movement_within_response_window
[1767093790.998] REACTION movement_within_response_window
[1767093791.028] REACTION movement_within_response_window
[1767093791.061] REACTION movement_within_response_window
[1767093791.094] REACTION movement_within_response_window
[1767093791.142] REACTION movement_within_response_window
[1767093791.174] REACTION movement_within_response_window
[1767093791.207] REACTION movement_within_response_window
[1767093791.239] REACTION movement_within_response_window
[1767093791.270] REACTION movement_within_response_window
[1767093791.301] REACTION movement_within_response_window
[1767093791.334] REACTION movement_within_response_window
[1767093791.365] REACTION movement_within_response_window
[1767093791.397] REACTION movement_within_response_window
[1767093791.430] REACTION movement_within_response_window
[1767093791.461] REACTION movement_within_response_window
[1767093791.510] REACTION movement_within_response_window
[1767093791.540] REACTION movement_within_response_window
[1767093791.573] REACTION movement_within_response_window
[1767093791.606] REACTION movement_within_response_window
[1767093791.638] REACTION movement_within_response_window
[1767093791.669] REACTION movement_within_response_window
[1767093791.700] REACTION movement_within_response_window
[1767093791.733] REACTION movement_within_response_window
[1767093791.765] REACTION movement_within_response_window
[1767093791.797] REACTION movement_within_response_window
[1767093791.829] REACTION movement_within_response_window
[1767093791.878] REACTION movement_within_response_window
[1767093791.910] REACTION movement_within_response_window
[1767093791.940] REACTION movement_within_response_window
[1767093791.973] REACTION movement_within_response_window
[1767093792.005] REACTION movement_within_response_window
[1767093792.037] REACTION movement_within_response_window
[1767093794.462] STIMULATION type=visual+audio
[1767093797.653] MOVEMENT
[1767093797.686] MOVEMENT
[1767093797.718] MOVEMENT
[1767093797.750] MOVEMENT
[1767093797.782] MOVEMENT
[1767093797.815] MOVEMENT
[1767093797.861] MOVEMENT
[1767093797.893] MOVEMENT
[1767093797.925] MOVEMENT
[1767093797.958] MOVEMENT
[1767093797.989] MOVEMENT
[1767093798.021] MOVEMENT
[1767093798.054] MOVEMENT
[1767093798.086] MOVEMENT
[1767093798.118] MOVEMENT
[1767093798.150] MOVEMENT
[1767093798.182] MOVEMENT
[1767093798.230] MOVEMENT
[1767093798.262] MOVEMENT
[1767093798.293] MOVEMENT
[1767093798.326] MOVEMENT
[1767093798.356] MOVEMENT
[1767093798.390] MOVEMENT
[1767093798.421] MOVEMENT
[1767093798.454] MOVEMENT
[1767093798.485] MOVEMENT
[1767093798.517] MOVEMENT
[1767093798.549] MOVEMENT
[1767093798.599] MOVEMENT
[1767093798.630] MOVEMENT
[1767093798.662] MOVEMENT
[1767093798.694] MOVEMENT
[1767093798.725] MOVEMENT
[1767093798.757] MOVEMENT
[1767093798.791] MOVEMENT
[1767093798.823] MOVEMENT
[1767093798.854] MOVEMENT
[1767093798.886] MOVEMENT
[1767093798.919] MOVEMENT
[1767093798.948] MOVEMENT
[1767093798.997] MOVEMENT
[1767093799.029] MOVEMENT
[1767093799.062] MOVEMENT
[1767093799.094] MOVEMENT
[1767093799.125] MOVEMENT
[1767093799.158] MOVEMENT
[1767093799.189] MOVEMENT
[1767093799.221] MOVEMENT
[1767093799.254] MOVEMENT
[1767093799.285] MOVEMENT
[1767093799.318] MOVEMENT
[1767093799.365] MOVEMENT
[1767093799.397] MOVEMENT
[1767093799.486] STIMULATION type=visual+audio
[1767093801.638] REACTION movement_within_response_window
[1767093801.670] REACTION movement_within_response_window
[1767093801.701] REACTION movement_within_response_window
[1767093801.733] REACTION movement_within_response_window
[1767093801.765] REACTION movement_within_response_window
[1767093801.797] REACTION movement_within_response_window
[1767093801.829] REACTION movement_within_response_window
[1767093801.861] REACTION movement_within_response_window
[1767093801.893] REACTION movement_within_response_window
[1767093801.925] REACTION movement_within_response_window
[1767093801.973] REACTION movement_within_response_window
[1767093802.006] REACTION movement_within_response_window
[1767093802.038] REACTION movement_within_response_window
[1767093802.069] REACTION movement_within_response_window
[1767093802.102] REACTION movement_within_response_window
[1767093802.133] REACTION movement_within_response_window
[1767093802.165] REACTION movement_within_response_window
[1767093802.198] REACTION movement_within_response_window
[1767093802.231] REACTION movement_within_response_window
[1767093802.261] REACTION movement_within_response_window
[1767093802.293] REACTION movement_within_response_window
[1767093803.238] MOVEMENT
[1767093803.271] MOVEMENT
[1767093803.302] MOVEMENT
[1767093803.335] MOVEMENT
[1767093803.364] MOVEMENT
[1767093803.397] MOVEMENT
[1767093803.429] MOVEMENT
[1767093803.478] MOVEMENT
[1767093803.510] MOVEMENT
[1767093803.541] MOVEMENT
[1767093803.573] MOVEMENT
[1767093803.605] MOVEMENT
[1767093803.637] MOVEMENT
[1767093803.670] MOVEMENT
[1767093803.702] MOVEMENT
[1767093803.735] MOVEMENT
[1767093803.766] MOVEMENT
[1767093803.798] MOVEMENT
[1767093803.846] MOVEMENT
[1767093803.878] MOVEMENT
[1767093803.910] MOVEMENT
[1767093803.941] MOVEMENT
[1767093803.973] MOVEMENT
[1767093804.005] MOVEMENT
[1767093804.037] MOVEMENT
[1767093804.068] MOVEMENT
[1767093804.101] MOVEMENT
[1767093804.133] MOVEMENT
[1767093804.165] MOVEMENT
[1767093804.213] MOVEMENT
[1767093804.244] MOVEMENT
[1767093804.277] MOVEMENT
[1767093804.309] MOVEMENT
[1767093804.341] MOVEMENT
[1767093804.374] MOVEMENT
[1767093804.405] MOVEMENT
[1767093804.437] MOVEMENT
[1767093804.469] MOVEMENT
[1767093804.494] STIMULATION type=visual+audio
[1767093804.503] MOVEMENT
[1767093804.533] MOVEMENT
[1767093804.579] MOVEMENT
[1767093804.611] MOVEMENT
[1767093804.643] MOVEMENT
[1767093805.540] REACTION movement_within_response_window
[1767093805.571] REACTION movement_within_response_window
[1767093805.603] REACTION movement_within_response_window
[1767093805.635] REACTION movement_within_response_window
============================================================
EXPERIMENT END
End time: 2025-12-30T13:23:28.292338
------------------------------------------------------------
Total movements: 251
Total stimulations: 7
Total reactions to stimulation: 115
Total movements NOT reactions: 136
------------------------------------------------------------
REACTION TIME STATISTICS
Reaction count: 5
Mean reaction time: 1.623 s
Median reaction time: 1.046 s
============================================================
